\BOOKMARK [0][-]{section*.1}{\315ndice general}{}% 1
\BOOKMARK [0][-]{section*.2}{\315ndice de figuras}{}% 2
\BOOKMARK [0][-]{section*.3}{\315ndice de tablas}{}% 3
\BOOKMARK [0][-]{chapter.1}{Introducci\363n}{}% 4
\BOOKMARK [1][-]{section.1.1}{Motivaci\363n}{chapter.1}% 5
\BOOKMARK [1][-]{section.1.2}{Objetivos}{chapter.1}% 6
\BOOKMARK [1][-]{section.1.3}{Estructura de la memoria}{chapter.1}% 7
\BOOKMARK [0][-]{chapter.2}{Preparaci\363n de los datos}{}% 8
\BOOKMARK [1][-]{section.2.1}{Clasificaci\363n de los datos}{chapter.2}% 9
\BOOKMARK [1][-]{section.2.2}{Preparaci\363n de los conjuntos de entrenamiento y test}{chapter.2}% 10
\BOOKMARK [1][-]{section.2.3}{Normalizaci\363n de los conjuntos de entrenamiento y test}{chapter.2}% 11
\BOOKMARK [0][-]{chapter.3}{Perceptr\363n Multicapa}{}% 12
\BOOKMARK [1][-]{section.3.1}{Perceptron Multicapa \(MLP\)}{chapter.3}% 13
\BOOKMARK [1][-]{section.3.2}{Experimentaci\363n realizada}{chapter.3}% 14
\BOOKMARK [0][-]{chapter.4}{Modelo Adaline}{}% 15
\BOOKMARK [1][-]{section.4.1}{ADALINE: ADAptive LInear NEuron}{chapter.4}% 16
\BOOKMARK [1][-]{section.4.2}{Implementaci\363n del modelo}{chapter.4}% 17
\BOOKMARK [1][-]{section.4.3}{Experimentaci\363n realizada}{chapter.4}% 18
\BOOKMARK [1][-]{section.4.4}{Resumen experimentaci\363n Adaline}{chapter.4}% 19
\BOOKMARK [0][-]{chapter.5}{Modelo Perceptr\363n Multicapa}{}% 20
\BOOKMARK [1][-]{section.5.1}{Perceptron Multicapa \(MLP\)}{chapter.5}% 21
\BOOKMARK [1][-]{section.5.2}{Experimentaci\363n realizada}{chapter.5}% 22
\BOOKMARK [1][-]{section.5.3}{Resumen experimentaci\363n Perceptr\363n Multicapa}{chapter.5}% 23
\BOOKMARK [0][-]{chapter.6}{Conclusiones}{}% 24
\BOOKMARK [0][-]{chapter*.26}{Bibliograf\355a}{}% 25
